mode: set
github.com/eromanelli/bookings/internal/handlers/handlers.go:33.62,38.2 1 1
github.com/eromanelli/bookings/internal/handlers/handlers.go:41.51,46.2 1 1
github.com/eromanelli/bookings/internal/handlers/handlers.go:49.33,51.2 1 1
github.com/eromanelli/bookings/internal/handlers/handlers.go:54.67,56.2 1 1
github.com/eromanelli/bookings/internal/handlers/handlers.go:59.68,62.2 1 1
github.com/eromanelli/bookings/internal/handlers/handlers.go:65.74,67.9 2 1
github.com/eromanelli/bookings/internal/handlers/handlers.go:73.2,74.16 2 1
github.com/eromanelli/bookings/internal/handlers/handlers.go:80.2,98.4 10 1
github.com/eromanelli/bookings/internal/handlers/handlers.go:67.9,71.3 3 1
github.com/eromanelli/bookings/internal/handlers/handlers.go:74.16,78.3 3 1
github.com/eromanelli/bookings/internal/handlers/handlers.go:102.78,104.16 2 1
github.com/eromanelli/bookings/internal/handlers/handlers.go:110.2,118.16 5 1
github.com/eromanelli/bookings/internal/handlers/handlers.go:124.2,125.16 2 1
github.com/eromanelli/bookings/internal/handlers/handlers.go:131.2,132.16 2 1
github.com/eromanelli/bookings/internal/handlers/handlers.go:138.2,154.19 6 1
github.com/eromanelli/bookings/internal/handlers/handlers.go:165.2,166.16 2 1
github.com/eromanelli/bookings/internal/handlers/handlers.go:172.2,181.16 3 1
github.com/eromanelli/bookings/internal/handlers/handlers.go:188.2,221.66 8 1
github.com/eromanelli/bookings/internal/handlers/handlers.go:104.16,108.3 3 1
github.com/eromanelli/bookings/internal/handlers/handlers.go:118.16,122.3 3 1
github.com/eromanelli/bookings/internal/handlers/handlers.go:125.16,129.3 3 1
github.com/eromanelli/bookings/internal/handlers/handlers.go:132.16,136.3 3 1
github.com/eromanelli/bookings/internal/handlers/handlers.go:154.19,163.3 5 1
github.com/eromanelli/bookings/internal/handlers/handlers.go:166.16,170.3 3 1
github.com/eromanelli/bookings/internal/handlers/handlers.go:181.16,185.3 3 1
github.com/eromanelli/bookings/internal/handlers/handlers.go:226.71,228.2 1 1
github.com/eromanelli/bookings/internal/handlers/handlers.go:231.69,233.2 1 1
github.com/eromanelli/bookings/internal/handlers/handlers.go:236.75,238.2 1 1
github.com/eromanelli/bookings/internal/handlers/handlers.go:241.79,243.16 2 1
github.com/eromanelli/bookings/internal/handlers/handlers.go:249.2,254.16 5 1
github.com/eromanelli/bookings/internal/handlers/handlers.go:259.2,260.16 2 1
github.com/eromanelli/bookings/internal/handlers/handlers.go:266.2,267.16 2 1
github.com/eromanelli/bookings/internal/handlers/handlers.go:273.2,273.21 1 1
github.com/eromanelli/bookings/internal/handlers/handlers.go:280.2,292.4 5 1
github.com/eromanelli/bookings/internal/handlers/handlers.go:243.16,247.3 3 0
github.com/eromanelli/bookings/internal/handlers/handlers.go:254.16,258.3 3 1
github.com/eromanelli/bookings/internal/handlers/handlers.go:260.16,264.3 3 1
github.com/eromanelli/bookings/internal/handlers/handlers.go:267.16,271.3 3 1
github.com/eromanelli/bookings/internal/handlers/handlers.go:273.21,278.3 3 1
github.com/eromanelli/bookings/internal/handlers/handlers.go:304.79,307.16 2 1
github.com/eromanelli/bookings/internal/handlers/handlers.go:320.2,330.16 8 1
github.com/eromanelli/bookings/internal/handlers/handlers.go:342.2,355.14 4 1
github.com/eromanelli/bookings/internal/handlers/handlers.go:307.16,318.3 5 1
github.com/eromanelli/bookings/internal/handlers/handlers.go:330.16,341.3 5 1
github.com/eromanelli/bookings/internal/handlers/handlers.go:360.70,362.2 1 1
github.com/eromanelli/bookings/internal/handlers/handlers.go:365.81,367.9 2 1
github.com/eromanelli/bookings/internal/handlers/handlers.go:373.2,387.4 9 1
github.com/eromanelli/bookings/internal/handlers/handlers.go:367.9,371.3 3 1
github.com/eromanelli/bookings/internal/handlers/handlers.go:391.73,405.16 3 1
github.com/eromanelli/bookings/internal/handlers/handlers.go:411.2,412.9 2 1
github.com/eromanelli/bookings/internal/handlers/handlers.go:418.2,422.63 3 1
github.com/eromanelli/bookings/internal/handlers/handlers.go:405.16,409.3 3 1
github.com/eromanelli/bookings/internal/handlers/handlers.go:412.9,416.3 3 1
github.com/eromanelli/bookings/internal/handlers/handlers.go:427.71,439.16 9 1
github.com/eromanelli/bookings/internal/handlers/handlers.go:445.2,452.63 6 1
github.com/eromanelli/bookings/internal/handlers/handlers.go:439.16,443.3 3 1
github.com/eromanelli/bookings/internal/handlers/handlers.go:456.72,460.2 1 1
github.com/eromanelli/bookings/internal/handlers/handlers.go:463.76,467.16 3 1
github.com/eromanelli/bookings/internal/handlers/handlers.go:471.2,478.19 6 1
github.com/eromanelli/bookings/internal/handlers/handlers.go:485.2,486.16 2 1
github.com/eromanelli/bookings/internal/handlers/handlers.go:494.2,496.47 3 1
github.com/eromanelli/bookings/internal/handlers/handlers.go:467.16,469.3 1 0
github.com/eromanelli/bookings/internal/handlers/handlers.go:478.19,483.3 2 1
github.com/eromanelli/bookings/internal/handlers/handlers.go:486.16,492.3 4 0
github.com/eromanelli/bookings/internal/handlers/handlers.go:500.69,505.2 3 1
github.com/eromanelli/bookings/internal/handlers/handlers.go:508.77,510.2 1 1
github.com/eromanelli/bookings/internal/handlers/handlers.go:513.83,516.16 2 1
github.com/eromanelli/bookings/internal/handlers/handlers.go:521.2,526.4 3 1
github.com/eromanelli/bookings/internal/handlers/handlers.go:516.16,519.3 2 0
github.com/eromanelli/bookings/internal/handlers/handlers.go:530.83,532.16 2 1
github.com/eromanelli/bookings/internal/handlers/handlers.go:537.2,542.4 3 1
github.com/eromanelli/bookings/internal/handlers/handlers.go:532.16,535.3 2 0
github.com/eromanelli/bookings/internal/handlers/handlers.go:546.83,550.16 3 1
github.com/eromanelli/bookings/internal/handlers/handlers.go:555.2,568.16 9 1
github.com/eromanelli/bookings/internal/handlers/handlers.go:573.2,580.4 3 1
github.com/eromanelli/bookings/internal/handlers/handlers.go:550.16,553.3 2 0
github.com/eromanelli/bookings/internal/handlers/handlers.go:568.16,571.3 2 0
github.com/eromanelli/bookings/internal/handlers/handlers.go:583.87,586.16 2 1
github.com/eromanelli/bookings/internal/handlers/handlers.go:591.2,593.16 3 1
github.com/eromanelli/bookings/internal/handlers/handlers.go:598.2,604.16 5 1
github.com/eromanelli/bookings/internal/handlers/handlers.go:609.2,615.16 6 1
github.com/eromanelli/bookings/internal/handlers/handlers.go:620.2,625.16 4 1
github.com/eromanelli/bookings/internal/handlers/handlers.go:586.16,589.3 2 0
github.com/eromanelli/bookings/internal/handlers/handlers.go:593.16,596.3 2 0
github.com/eromanelli/bookings/internal/handlers/handlers.go:604.16,607.3 2 0
github.com/eromanelli/bookings/internal/handlers/handlers.go:615.16,618.3 2 0
github.com/eromanelli/bookings/internal/handlers/handlers.go:625.16,627.3 1 1
github.com/eromanelli/bookings/internal/handlers/handlers.go:627.8,629.3 1 1
github.com/eromanelli/bookings/internal/handlers/handlers.go:634.88,638.34 2 1
github.com/eromanelli/bookings/internal/handlers/handlers.go:644.2,675.16 23 1
github.com/eromanelli/bookings/internal/handlers/handlers.go:680.2,682.26 2 1
github.com/eromanelli/bookings/internal/handlers/handlers.go:718.2,722.4 1 1
github.com/eromanelli/bookings/internal/handlers/handlers.go:638.34,642.3 3 1
github.com/eromanelli/bookings/internal/handlers/handlers.go:675.16,678.3 2 0
github.com/eromanelli/bookings/internal/handlers/handlers.go:682.26,689.80 3 0
github.com/eromanelli/bookings/internal/handlers/handlers.go:695.3,696.17 2 0
github.com/eromanelli/bookings/internal/handlers/handlers.go:701.3,701.34 1 0
github.com/eromanelli/bookings/internal/handlers/handlers.go:712.3,715.78 3 0
github.com/eromanelli/bookings/internal/handlers/handlers.go:689.80,692.4 2 0
github.com/eromanelli/bookings/internal/handlers/handlers.go:696.17,699.4 2 0
github.com/eromanelli/bookings/internal/handlers/handlers.go:701.34,702.27 1 0
github.com/eromanelli/bookings/internal/handlers/handlers.go:702.27,704.79 1 0
github.com/eromanelli/bookings/internal/handlers/handlers.go:704.79,706.6 1 0
github.com/eromanelli/bookings/internal/handlers/handlers.go:707.10,710.5 1 0
github.com/eromanelli/bookings/internal/handlers/handlers.go:726.86,732.16 4 1
github.com/eromanelli/bookings/internal/handlers/handlers.go:736.2,741.16 4 1
github.com/eromanelli/bookings/internal/handlers/handlers.go:732.16,734.3 1 0
github.com/eromanelli/bookings/internal/handlers/handlers.go:741.16,743.3 1 1
github.com/eromanelli/bookings/internal/handlers/handlers.go:743.8,745.3 1 1
github.com/eromanelli/bookings/internal/handlers/handlers.go:750.85,761.16 7 1
github.com/eromanelli/bookings/internal/handlers/handlers.go:761.16,763.3 1 1
github.com/eromanelli/bookings/internal/handlers/handlers.go:763.8,765.3 1 1
github.com/eromanelli/bookings/internal/handlers/handlers.go:769.92,771.16 2 1
github.com/eromanelli/bookings/internal/handlers/handlers.go:776.2,781.16 4 1
github.com/eromanelli/bookings/internal/handlers/handlers.go:786.2,788.26 2 1
github.com/eromanelli/bookings/internal/handlers/handlers.go:812.2,812.34 1 1
github.com/eromanelli/bookings/internal/handlers/handlers.go:825.2,826.110 2 1
github.com/eromanelli/bookings/internal/handlers/handlers.go:771.16,774.3 2 0
github.com/eromanelli/bookings/internal/handlers/handlers.go:781.16,784.3 2 0
github.com/eromanelli/bookings/internal/handlers/handlers.go:788.26,793.35 2 0
github.com/eromanelli/bookings/internal/handlers/handlers.go:793.35,795.35 1 0
github.com/eromanelli/bookings/internal/handlers/handlers.go:795.35,798.16 1 0
github.com/eromanelli/bookings/internal/handlers/handlers.go:798.16,799.66 1 0
github.com/eromanelli/bookings/internal/handlers/handlers.go:799.66,802.21 2 0
github.com/eromanelli/bookings/internal/handlers/handlers.go:802.21,804.8 1 0
github.com/eromanelli/bookings/internal/handlers/handlers.go:812.34,813.43 1 1
github.com/eromanelli/bookings/internal/handlers/handlers.go:813.43,819.18 5 1
github.com/eromanelli/bookings/internal/handlers/handlers.go:819.18,821.5 1 0
